<?xml version="1.0" encoding="UTF-8"?>
<!-- Generated by org.testng.reporters.JUnitReportReporter -->
<testsuite hostname="FFE-Manikantha-FFE119" failures="0" tests="3" name="automationtraining.tests.LoginTest" time="66.350" errors="0" timestamp="2025-04-18T16:46:28 IST" skipped="0">
  <testcase classname="automationtraining.tests.LoginTest" name="loginTest" time="21.538"/>
  <system-out/>
  <testcase classname="automationtraining.tests.LoginTest" name="loginTest" time="24.850"/>
  <system-out/>
  <testcase classname="automationtraining.tests.LoginTest" name="loginTest" time="19.962"/>
  <system-out/>
</testsuite> <!-- automationtraining.tests.LoginTest -->
