<?xml version="1.0" encoding="UTF-8"?>
<!-- Generated by org.testng.reporters.JUnitReportReporter -->
<testsuite hostname="FFE-Manikantha-FFE119" failures="0" tests="1" name="automationtraining.tests.LoginTest" time="27.801" errors="0" timestamp="2025-04-13T12:59:46 IST" skipped="0">
  <testcase classname="automationtraining.tests.LoginTest" name="loginTest" time="27.801"/>
  <system-out/>
</testsuite> <!-- automationtraining.tests.LoginTest -->
