<?xml version="1.0" encoding="UTF-8"?>
<!-- Generated by org.testng.reporters.JUnitReportReporter -->
<testsuite hostname="FFE-Manikantha-FFE119" failures="0" tests="2" name="automationtraining.tests.LoginTest" time="21.900" errors="0" timestamp="2025-05-03T09:30:31 IST" skipped="0">
  <testcase classname="automationtraining.tests.LoginTest" name="loginTest1" time="10.228"/>
  <system-out/>
  <testcase classname="automationtraining.tests.LoginTest" name="loginTest" time="11.672"/>
  <system-out/>
</testsuite> <!-- automationtraining.tests.LoginTest -->
