<?xml version="1.0" encoding="UTF-8"?>
<!-- Generated by org.testng.reporters.JUnitReportReporter -->
<testsuite hostname="FFE-Manikantha-FFE119" failures="0" tests="1" name="automationtraining.tests.WindowsTest" time="16.316" errors="0" timestamp="2025-05-03T16:34:59 IST" skipped="0">
  <testcase classname="automationtraining.tests.WindowsTest" name="testMultipleWindows" time="16.316"/>
  <system-out/>
</testsuite> <!-- automationtraining.tests.WindowsTest -->
