<?xml version="1.0" encoding="UTF-8"?>
<!-- Generated by org.testng.reporters.JUnitReportReporter -->
<testsuite hostname="FFE-Manikantha-FFE119" failures="0" tests="1" name="automationtraining.tests.FrameTest" time="7.449" errors="0" timestamp="2025-05-03T23:02:59 IST" skipped="0">
  <testcase classname="automationtraining.tests.FrameTest" name="verifyNestedFrame" time="7.449"/>
  <system-out/>
</testsuite> <!-- automationtraining.tests.FrameTest -->
