<?xml version="1.0" encoding="UTF-8"?>
<!-- Generated by org.testng.reporters.JUnitReportReporter -->
<testsuite hostname="FFE-Manikantha-FFE119" failures="0" tests="3" name="automationtraining.tests.LoginTest" time="37.113" errors="0" timestamp="2025-04-20T10:44:14 IST" skipped="0">
  <testcase classname="automationtraining.tests.LoginTest" name="loginTest" time="10.721"/>
  <system-out/>
  <testcase classname="automationtraining.tests.LoginTest" name="loginTest" time="12.965"/>
  <system-out/>
  <testcase classname="automationtraining.tests.LoginTest" name="loginTest" time="13.427"/>
  <system-out/>
</testsuite> <!-- automationtraining.tests.LoginTest -->
