<?xml version="1.0" encoding="UTF-8"?>
<!-- Generated by org.testng.reporters.JUnitReportReporter -->
<testsuite hostname="FFE-Manikantha-FFE119" failures="0" tests="1" name="automationtraining.tests.LoginTest" time="6.145" errors="0" timestamp="2025-04-20T10:54:12 IST" skipped="0">
  <testcase classname="automationtraining.tests.LoginTest" name="loginTest" time="6.145"/>
  <system-out/>
</testsuite> <!-- automationtraining.tests.LoginTest -->
